<?xml version="1.0" encoding="UTF-8"?>
<testng-results ignored="0" total="1" passed="1" failed="0" skipped="0">
  <reporter-output>
  </reporter-output>
  <suite started-at="2021-09-27T09:02:39Z" name="Default suite" finished-at="2021-09-27T09:03:19Z" duration-ms="39411">
    <groups>
    </groups>
    <test started-at="2021-09-27T09:02:39Z" name="Default test" finished-at="2021-09-27T09:03:19Z" duration-ms="39411">
      <class name="login_tests.UdemyLogin">
        <test-method is-config="true" signature="beforeTest()[pri:0, instance:login_tests.UdemyLogin@121314f7]" started-at="2021-09-27T09:02:39Z" name="beforeTest" finished-at="2021-09-27T09:03:03Z" duration-ms="23714" status="PASS">
          <reporter-output>
          </reporter-output>
        </test-method> <!-- beforeTest -->
        <test-method signature="f()[pri:0, instance:login_tests.UdemyLogin@121314f7]" started-at="2021-09-27T09:03:03Z" name="f" finished-at="2021-09-27T09:03:11Z" duration-ms="8131" status="PASS">
          <reporter-output>
          </reporter-output>
        </test-method> <!-- f -->
        <test-method is-config="true" signature="afterTest()[pri:0, instance:login_tests.UdemyLogin@121314f7]" started-at="2021-09-27T09:03:11Z" name="afterTest" finished-at="2021-09-27T09:03:19Z" duration-ms="7544" status="PASS">
          <reporter-output>
          </reporter-output>
        </test-method> <!-- afterTest -->
      </class> <!-- login_tests.UdemyLogin -->
    </test> <!-- Default test -->
  </suite> <!-- Default suite -->
</testng-results>
